<?xml version="1.0" encoding="UTF-8" ?>
<testsuite errors="0" failures="0" hostname="Tim-PC" name="com.example.OpdrachtC.ProgramTest" tests="2" time="0.049" timestamp="2014-02-04T15:31:57">
  <properties>
[...]
</properties>
  <testcase classname="com.example.OpdrachtC.ProgramTest" name="calculate" time="0.001" />
  <testcase classname="com.example.OpdrachtC.ProgramTest" name="PrintLineTest" time="0.0" />
  <system-out><![CDATA[]]></system-out>
  <system-err><![CDATA[]]></system-err>
</testsuite>
